<?xml version="1.0" encoding="UTF-8"?>
<!-- Generated by org.testng.reporters.JUnitReportReporter -->
<testsuite hostname="Revathi" failures="0" tests="5" name="com.testNGLearning.DriveACar" time="0.020" errors="0" timestamp="2024-06-22T17:33:56 IST" skipped="0">
  <testcase classname="com.testNGLearning.DriveACar" name="putThirdGear" time="0.012"/>
  <testcase classname="com.testNGLearning.DriveACar" name="putFirstGear" time="0.002"/>
  <testcase classname="com.testNGLearning.DriveACar" name="startTheCar" time="0.002"/>
  <testcase classname="com.testNGLearning.DriveACar" name="putSecondGear" time="0.001"/>
  <testcase classname="com.testNGLearning.DriveACar" name="putFourthGear" time="0.003"/>
</testsuite> <!-- com.testNGLearning.DriveACar -->
