<?xml version="1.0" encoding="UTF-8"?>
<!-- Generated by org.testng.reporters.JUnitReportReporter -->
<testsuite hostname="Revathi" failures="0" tests="3" name="testNGLearning.SuiteExample" time="21.363" errors="0" timestamp="2024-06-23T11:21:49 IST" skipped="0">
  <testcase classname="testNGLearning.SuiteExample" name="openGoogle" time="3.052"/>
  <testcase classname="testNGLearning.SuiteExample" name="openBing" time="0.428"/>
  <testcase classname="testNGLearning.SuiteExample" name="openYahoo" time="17.883"/>
</testsuite> <!-- testNGLearning.SuiteExample -->
