<?xml version="1.0" encoding="UTF-8"?>
<!-- Generated by org.testng.reporters.JUnitReportReporter -->
<testsuite hostname="Revathi" failures="0" tests="3" name="testNGLearning.DependanciesManagement" time="0.007" errors="0" timestamp="2024-06-23T11:21:49 IST" skipped="0">
  <testcase classname="testNGLearning.DependanciesManagement" name="highSchool" time="0.004"/>
  <testcase classname="testNGLearning.DependanciesManagement" name="higherSecondary" time="0.001"/>
  <testcase classname="testNGLearning.DependanciesManagement" name="engineering" time="0.002"/>
</testsuite> <!-- testNGLearning.DependanciesManagement -->
