<?xml version="1.0" encoding="UTF-8"?>
<!-- Generated by org.testng.reporters.JUnitReportReporter -->
<testsuite hostname="Revathi" failures="0" tests="4" name="testNGLearning.GroupingExample" time="0.011" errors="0" timestamp="2024-06-23T11:52:40 IST" skipped="0">
  <testcase classname="testNGLearning.GroupingExample" name="moto1" time="0.007"/>
  <testcase classname="testNGLearning.GroupingExample" name="moto2" time="0.001"/>
  <testcase classname="testNGLearning.GroupingExample" name="vivo1" time="0.001"/>
  <testcase classname="testNGLearning.GroupingExample" name="vivo2" time="0.002"/>
</testsuite> <!-- testNGLearning.GroupingExample -->
