<?xml version="1.0" encoding="UTF-8"?>
<!-- Generated by org.testng.reporters.JUnitReportReporter -->
<testsuite hostname="Revathi" failures="0" tests="4" name="testNGLearning.SampleTestCase" time="0.004" errors="0" timestamp="2024-06-23T11:21:49 IST" skipped="0">
  <testcase classname="testNGLearning.SampleTestCase" name="ThirdTestCase" time="0.001"/>
  <testcase classname="testNGLearning.SampleTestCase" name="FourthTestCase" time="0.001"/>
  <testcase classname="testNGLearning.SampleTestCase" name="secondTestCase" time="0.001"/>
  <testcase classname="testNGLearning.SampleTestCase" name="firstTestCase" time="0.001"/>
</testsuite> <!-- testNGLearning.SampleTestCase -->
