<?xml version="1.0" encoding="UTF-8"?>
<!-- Generated by org.testng.reporters.JUnitReportReporter -->
<testsuite hostname="Revathi" failures="0" tests="3" name="com.testNGLearning.DependanciesManagement" time="0.009" errors="0" timestamp="2024-06-22T21:27:43 IST" skipped="0">
  <testcase classname="com.testNGLearning.DependanciesManagement" name="highSchool" time="0.008"/>
  <testcase classname="com.testNGLearning.DependanciesManagement" name="engineering" time="0.000"/>
  <testcase classname="com.testNGLearning.DependanciesManagement" name="higherSecondary" time="0.001"/>
</testsuite> <!-- com.testNGLearning.DependanciesManagement -->
