<?xml version="1.0" encoding="UTF-8"?>
<!-- Generated by org.testng.reporters.JUnitReportReporter -->
<testsuite hostname="Revathi" failures="0" tests="2" name="testNGLearning.ParallelTestingExample" time="15.579" errors="0" timestamp="2024-06-23T12:20:33 IST" skipped="0">
  <testcase classname="testNGLearning.ParallelTestingExample" name="openBing" time="6.936"/>
  <testcase classname="testNGLearning.ParallelTestingExample" name="openGoogle" time="8.643"/>
</testsuite> <!-- testNGLearning.ParallelTestingExample -->
