<?xml version="1.0" encoding="UTF-8"?>
<!-- Generated by org.testng.reporters.JUnitReportReporter -->
<testsuite hostname="Revathi" failures="0" tests="3" name="com.testNGLearning.SuiteExample" time="6.936" errors="0" timestamp="2024-06-22T23:23:04 IST" skipped="0">
  <testcase classname="com.testNGLearning.SuiteExample" name="openGoogle" time="3.365"/>
  <testcase classname="com.testNGLearning.SuiteExample" name="openBing" time="0.608"/>
  <testcase classname="com.testNGLearning.SuiteExample" name="openYahoo" time="2.963"/>
</testsuite> <!-- com.testNGLearning.SuiteExample -->
