<?xml version="1.0" encoding="UTF-8"?>
<!-- Generated by org.testng.reporters.JUnitReportReporter -->
<testsuite hostname="Revathi" failures="0" tests="5" name="testNGLearning.DriveACar" time="0.004" errors="0" timestamp="2024-06-23T11:21:49 IST" skipped="0">
  <testcase classname="testNGLearning.DriveACar" name="startTheCar" time="0.001"/>
  <testcase classname="testNGLearning.DriveACar" name="putFirstGear" time="0.000"/>
  <testcase classname="testNGLearning.DriveACar" name="putSecondGear" time="0.001"/>
  <testcase classname="testNGLearning.DriveACar" name="putThirdGear" time="0.001"/>
  <testcase classname="testNGLearning.DriveACar" name="putFourthGear" time="0.001"/>
</testsuite> <!-- testNGLearning.DriveACar -->
