<?xml version="1.0" encoding="UTF-8"?>
<!-- Generated by org.testng.reporters.JUnitReportReporter -->
<testsuite hostname="Revathi" failures="0" tests="2" name="testNGLearning.AnnotationHierachyExample" time="0.009" errors="0" timestamp="2024-06-25T15:19:16 IST" skipped="0">
  <testcase classname="testNGLearning.AnnotationHierachyExample" name="Test2" time="0.004"/>
  <testcase classname="testNGLearning.AnnotationHierachyExample" name="Test" time="0.005"/>
</testsuite> <!-- testNGLearning.AnnotationHierachyExample -->
