<?xml version="1.0" encoding="UTF-8"?>
<!-- Generated by org.testng.reporters.JUnitReportReporter -->
<testsuite hostname="Revathi" failures="0" tests="4" name="com.testNGLearning.SampleTestCase" time="0.032" errors="0" timestamp="2024-06-22T17:22:20 IST" skipped="0">
  <testcase classname="com.testNGLearning.SampleTestCase" name="FourthTestCase" time="0.016"/>
  <testcase classname="com.testNGLearning.SampleTestCase" name="secondTestCase" time="0.001"/>
  <testcase classname="com.testNGLearning.SampleTestCase" name="ThirdTestCase" time="0.013"/>
  <testcase classname="com.testNGLearning.SampleTestCase" name="firstTestCase" time="0.002"/>
</testsuite> <!-- com.testNGLearning.SampleTestCase -->
