<?xml version="1.0" encoding="UTF-8"?>
<!-- Generated by org.testng.reporters.JUnitReportReporter -->
<testsuite hostname="Revathi" failures="0" tests="6" name="com.testNGLearning.SkipTestCase" time="0.009" errors="0" timestamp="2024-06-22T18:26:02 IST" skipped="1">
  <testcase classname="com.testNGLearning.SkipTestCase" name="startTheCar" time="0.005"/>
  <testcase classname="com.testNGLearning.SkipTestCase" name="putFirstGear" time="0.001"/>
  <testcase classname="com.testNGLearning.SkipTestCase" name="putSecondGear" time="0.001"/>
  <testcase classname="com.testNGLearning.SkipTestCase" name="putThirdGear" time="0.001"/>
  <testcase classname="com.testNGLearning.SkipTestCase" name="putFourthGear" time="0.001"/>
  <testcase classname="com.testNGLearning.SkipTestCase" name="turnOnMusic">
    <skipped/>
  </testcase> <!-- turnOnMusic -->
</testsuite> <!-- com.testNGLearning.SkipTestCase -->
