<?xml version="1.0" encoding="UTF-8"?>
<!-- Generated by org.testng.reporters.JUnitReportReporter -->
<testsuite hostname="Revathi" failures="0" tests="1" name="testNGLearning.ParameterizationExample" time="0.007" errors="0" timestamp="2024-06-25T15:26:50 IST" skipped="0">
  <testcase classname="testNGLearning.ParameterizationExample" name="printName" time="0.007"/>
</testsuite> <!-- testNGLearning.ParameterizationExample -->
